[0m23:40:06.955224 [debug] [MainThread]: Sending event: {'category': 'dbt', 'action': 'invocation', 'label': 'start', 'context': [<snowplow_tracker.self_describing_json.SelfDescribingJson object at 0x000002AF4D475B70>, <snowplow_tracker.self_describing_json.SelfDescribingJson object at 0x000002AF4FF95A20>, <snowplow_tracker.self_describing_json.SelfDescribingJson object at 0x000002AF4FF95840>]}


============================== 23:40:06.960209 | 4631e3b2-387a-4ed0-8ab2-010d07fd843e ==============================
[0m23:40:06.960209 [info ] [MainThread]: Running with dbt=1.8.3
[0m23:40:06.961170 [debug] [MainThread]: running dbt with arguments {'printer_width': '80', 'indirect_selection': 'eager', 'write_json': 'True', 'log_cache_events': 'False', 'partial_parse': 'True', 'cache_selected_only': 'False', 'profiles_dir': 'C:\\Users\\admin\\.dbt', 'fail_fast': 'False', 'version_check': 'True', 'log_path': 'C:\\dbt_training\\GIT\\vicky-dbt-aug10-repo\\train_dbt_aug_batch\\logs', 'warn_error': 'None', 'debug': 'False', 'use_colors': 'True', 'use_experimental_parser': 'False', 'empty': 'None', 'quiet': 'False', 'no_print': 'None', 'warn_error_options': 'WarnErrorOptions(include=[], exclude=[])', 'invocation_command': 'dbt debug', 'introspect': 'True', 'static_parser': 'True', 'target_path': 'None', 'log_format': 'default', 'send_anonymous_usage_stats': 'True'}
[0m23:40:06.978165 [info ] [MainThread]: dbt version: 1.8.3
[0m23:40:06.979118 [info ] [MainThread]: python version: 3.10.8
[0m23:40:06.980119 [info ] [MainThread]: python path: C:\Users\admin\AppData\Local\Programs\Python\Python310\python.exe
[0m23:40:06.981115 [info ] [MainThread]: os info: Windows-10-10.0.19045-SP0
[0m23:40:07.405166 [info ] [MainThread]: Using profiles dir at C:\Users\admin\.dbt
[0m23:40:07.406121 [info ] [MainThread]: Using profiles.yml file at C:\Users\admin\.dbt\profiles.yml
[0m23:40:07.407118 [info ] [MainThread]: Using dbt_project.yml file at C:\dbt_training\GIT\vicky-dbt-aug10-repo\train_dbt_aug_batch\dbt_project.yml
[0m23:40:07.409111 [info ] [MainThread]: adapter type: snowflake
[0m23:40:07.409111 [info ] [MainThread]: adapter version: 1.8.3
[0m23:40:07.534774 [info ] [MainThread]: Configuration:
[0m23:40:07.535417 [info ] [MainThread]:   profiles.yml file [[32mOK found and valid[0m]
[0m23:40:07.536417 [info ] [MainThread]:   dbt_project.yml file [[32mOK found and valid[0m]
[0m23:40:07.537414 [info ] [MainThread]: Required dependencies:
[0m23:40:07.537788 [debug] [MainThread]: Executing "git --help"
[0m23:40:07.586409 [debug] [MainThread]: STDOUT: "b"usage: git [-v | --version] [-h | --help] [-C <path>] [-c <name>=<value>]\n           [--exec-path[=<path>]] [--html-path] [--man-path] [--info-path]\n           [-p | --paginate | -P | --no-pager] [--no-replace-objects] [--bare]\n           [--git-dir=<path>] [--work-tree=<path>] [--namespace=<name>]\n           [--config-env=<name>=<envvar>] <command> [<args>]\n\nThese are common Git commands used in various situations:\n\nstart a working area (see also: git help tutorial)\n   clone     Clone a repository into a new directory\n   init      Create an empty Git repository or reinitialize an existing one\n\nwork on the current change (see also: git help everyday)\n   add       Add file contents to the index\n   mv        Move or rename a file, a directory, or a symlink\n   restore   Restore working tree files\n   rm        Remove files from the working tree and from the index\n\nexamine the history and state (see also: git help revisions)\n   bisect    Use binary search to find the commit that introduced a bug\n   diff      Show changes between commits, commit and working tree, etc\n   grep      Print lines matching a pattern\n   log       Show commit logs\n   show      Show various types of objects\n   status    Show the working tree status\n\ngrow, mark and tweak your common history\n   branch    List, create, or delete branches\n   commit    Record changes to the repository\n   merge     Join two or more development histories together\n   rebase    Reapply commits on top of another base tip\n   reset     Reset current HEAD to the specified state\n   switch    Switch branches\n   tag       Create, list, delete or verify a tag object signed with GPG\n\ncollaborate (see also: git help workflows)\n   fetch     Download objects and refs from another repository\n   pull      Fetch from and integrate with another repository or a local branch\n   push      Update remote refs along with associated objects\n\n'git help -a' and 'git help -g' list available subcommands and some\nconcept guides. See 'git help <command>' or 'git help <concept>'\nto read about a specific subcommand or concept.\nSee 'git help git' for an overview of the system.\n""
[0m23:40:07.586409 [debug] [MainThread]: STDERR: "b''"
[0m23:40:07.587445 [info ] [MainThread]:  - git [[32mOK found[0m]

[0m23:40:07.588404 [info ] [MainThread]: Connection:
[0m23:40:07.589400 [info ] [MainThread]:   account: seudefm-vy87035
[0m23:40:07.590397 [info ] [MainThread]:   user: vicky
[0m23:40:07.591430 [info ] [MainThread]:   database: DBT_DB
[0m23:40:07.594387 [info ] [MainThread]:   warehouse: COMPUTE_WH
[0m23:40:07.595652 [info ] [MainThread]:   role: ACCOUNTADMIN
[0m23:40:07.596656 [info ] [MainThread]:   schema: DBT_SCH
[0m23:40:07.597702 [info ] [MainThread]:   authenticator: None
[0m23:40:07.598727 [info ] [MainThread]:   oauth_client_id: None
[0m23:40:07.599728 [info ] [MainThread]:   query_tag: None
[0m23:40:07.600726 [info ] [MainThread]:   client_session_keep_alive: False
[0m23:40:07.601724 [info ] [MainThread]:   host: None
[0m23:40:07.602721 [info ] [MainThread]:   port: None
[0m23:40:07.603717 [info ] [MainThread]:   proxy_host: None
[0m23:40:07.604715 [info ] [MainThread]:   proxy_port: None
[0m23:40:07.605711 [info ] [MainThread]:   protocol: None
[0m23:40:07.606708 [info ] [MainThread]:   connect_retries: 1
[0m23:40:07.607709 [info ] [MainThread]:   connect_timeout: None
[0m23:40:07.610701 [info ] [MainThread]:   retry_on_database_errors: False
[0m23:40:07.611696 [info ] [MainThread]:   retry_all: False
[0m23:40:07.612694 [info ] [MainThread]:   insecure_mode: False
[0m23:40:07.614689 [info ] [MainThread]:   reuse_connections: None
[0m23:40:07.617691 [info ] [MainThread]: Registered adapter: snowflake=1.8.3
[0m23:40:07.619221 [debug] [MainThread]: Acquiring new snowflake connection 'debug'
[0m23:40:07.620253 [debug] [MainThread]: Using snowflake connection "debug"
[0m23:40:07.620253 [debug] [MainThread]: On debug: select 1 as id
[0m23:40:07.621212 [debug] [MainThread]: Opening a new connection, currently in state init
[0m23:40:09.258157 [debug] [MainThread]: SQL status: SUCCESS 1 in 1.636 seconds
[0m23:40:09.264133 [debug] [MainThread]: On debug: Close
[0m23:40:09.426436 [info ] [MainThread]:   Connection test: [[32mOK connection ok[0m]

[0m23:40:09.431800 [info ] [MainThread]: [32mAll checks passed![0m
[0m23:40:09.439771 [debug] [MainThread]: Command `dbt debug` succeeded at 23:40:09.438777 after 2.60 seconds
[0m23:40:09.440801 [debug] [MainThread]: Connection 'debug' was properly closed.
[0m23:40:09.440801 [debug] [MainThread]: Sending event: {'category': 'dbt', 'action': 'invocation', 'label': 'end', 'context': [<snowplow_tracker.self_describing_json.SelfDescribingJson object at 0x000002AF4D475B70>, <snowplow_tracker.self_describing_json.SelfDescribingJson object at 0x000002AF4F3A40A0>, <snowplow_tracker.self_describing_json.SelfDescribingJson object at 0x000002AF4DC51E70>]}
[0m23:40:09.441766 [debug] [MainThread]: Flushing usage events
